# JRE version: OpenJDK Runtime Environment (8.0_342-b07) (build 1.8.0_342-8u342-b07-0ubuntu1~22.04-b07)
# Java VM: OpenJDK 64-Bit Server VM (25.342-b07 mixed mode linux-amd64 compressed oops)
Heap:
 PSYoungGen      total 1528832K, used 1426176K [0x0000000740000000, 0x00000007c0000000, 0x00000007c0000000)
  eden space 1157120K, 91% used [0x0000000740000000,0x00000007805eeff0,0x0000000786a00000)
  from space 371712K, 99% used [0x0000000786a00000,0x000000079d4d13a8,0x000000079d500000)
  to   space 510464K, 0% used [0x00000007a0d80000,0x00000007a0d80000,0x00000007c0000000)
 ParOldGen       total 4194304K, used 437706K [0x0000000640000000, 0x0000000740000000, 0x0000000740000000)
  object space 4194304K, 10% used [0x0000000640000000,0x000000065ab72af0,0x0000000740000000)
 Metaspace       used 145810K, capacity 147069K, committed 148172K, reserved 1173504K
  class space    used 23302K, capacity 23703K, committed 23756K, reserved 1048576K
GC Heap History (10 events):
Event: 31.443 GC heap before
{Heap before GC invocations=19 (full 4):
 PSYoungGen      total 1739776K, used 1415611K [0x0000000740000000, 0x00000007c0000000, 0x00000007c0000000)
  eden space 1377280K, 100% used [0x0000000740000000,0x0000000794100000,0x0000000794100000)
  from space 362496K, 10% used [0x00000007a9e00000,0x00000007ac36edd8,0x00000007c0000000)
  to   space 357376K, 0% used [0x0000000794100000,0x0000000794100000,0x00000007a9e00000)
 ParOldGen       total 4194304K, used 437647K [0x0000000640000000, 0x0000000740000000, 0x0000000740000000)
  object space 4194304K, 10% used [0x0000000640000000,0x000000065ab63ec0,0x0000000740000000)
 Metaspace       used 111465K, capacity 112263K, committed 113228K, reserved 1144832K
  class space    used 17667K, capacity 17936K, committed 17996K, reserved 1048576K
Event: 31.481 GC heap after
Heap after GC invocations=19 (full 4):
 PSYoungGen      total 1734656K, used 172107K [0x0000000740000000, 0x00000007c0000000, 0x00000007c0000000)
  eden space 1377280K, 0% used [0x0000000740000000,0x0000000740000000,0x0000000794100000)
  from space 357376K, 48% used [0x0000000794100000,0x000000079e912d18,0x00000007a9e00000)
  to   space 350208K, 0% used [0x00000007aaa00000,0x00000007aaa00000,0x00000007c0000000)
 ParOldGen       total 4194304K, used 437655K [0x0000000640000000, 0x0000000740000000, 0x0000000740000000)
  object space 4194304K, 10% used [0x0000000640000000,0x000000065ab65ec0,0x0000000740000000)
 Metaspace       used 111465K, capacity 112263K, committed 113228K, reserved 1144832K
  class space    used 17667K, capacity 17936K, committed 17996K, reserved 1048576K
}
Event: 33.809 GC heap before
{Heap before GC invocations=20 (full 4):
 PSYoungGen      total 1734656K, used 1549387K [0x0000000740000000, 0x00000007c0000000, 0x00000007c0000000)
  eden space 1377280K, 100% used [0x0000000740000000,0x0000000794100000,0x0000000794100000)
  from space 357376K, 48% used [0x0000000794100000,0x000000079e912d18,0x00000007a9e00000)
  to   space 350208K, 0% used [0x00000007aaa00000,0x00000007aaa00000,0x00000007c0000000)
 ParOldGen       total 4194304K, used 437655K [0x0000000640000000, 0x0000000740000000, 0x0000000740000000)
  object space 4194304K, 10% used [0x0000000640000000,0x000000065ab65ec0,0x0000000740000000)
 Metaspace       used 115424K, capacity 116413K, committed 117324K, reserved 1148928K
  class space    used 18125K, capacity 18431K, committed 18508K, reserved 1048576K
Event: 33.874 GC heap after
Heap after GC invocations=20 (full 4):
 PSYoungGen      total 1677312K, used 285454K [0x0000000740000000, 0x00000007c0000000, 0x00000007c0000000)
  eden space 1327104K, 0% used [0x0000000740000000,0x0000000740000000,0x0000000791000000)
  from space 350208K, 81% used [0x00000007aaa00000,0x00000007bc0c3828,0x00000007c0000000)
  to   space 385024K, 0% used [0x0000000791000000,0x0000000791000000,0x00000007a8800000)
 ParOldGen       total 4194304K, used 437682K [0x0000000640000000, 0x0000000740000000, 0x0000000740000000)
  object space 4194304K, 10% used [0x0000000640000000,0x000000065ab6caf0,0x0000000740000000)
 Metaspace       used 115424K, capacity 116413K, committed 117324K, reserved 1148928K
  class space    used 18125K, capacity 18431K, committed 18508K, reserved 1048576K
}
Event: 36.059 GC heap before
{Heap before GC invocations=21 (full 4):
 PSYoungGen      total 1677312K, used 1612558K [0x0000000740000000, 0x00000007c0000000, 0x00000007c0000000)
  eden space 1327104K, 100% used [0x0000000740000000,0x0000000791000000,0x0000000791000000)
  from space 350208K, 81% used [0x00000007aaa00000,0x00000007bc0c3828,0x00000007c0000000)
  to   space 385024K, 0% used [0x0000000791000000,0x0000000791000000,0x00000007a8800000)
 ParOldGen       total 4194304K, used 437682K [0x0000000640000000, 0x0000000740000000, 0x0000000740000000)
  object space 4194304K, 10% used [0x0000000640000000,0x000000065ab6caf0,0x0000000740000000)
 Metaspace       used 123731K, capacity 124935K, committed 125516K, reserved 1155072K
  class space    used 19693K, capacity 20036K, committed 20044K, reserved 1048576K
Event: 36.128 GC heap after
Heap after GC invocations=21 (full 4):
 PSYoungGen      total 1649664K, used 322235K [0x0000000740000000, 0x00000007c0000000, 0x00000007c0000000)
  eden space 1327104K, 0% used [0x0000000740000000,0x0000000740000000,0x0000000791000000)
  from space 322560K, 99% used [0x0000000791000000,0x00000007a4aaed20,0x00000007a4b00000)
  to   space 425472K, 0% used [0x00000007a6080000,0x00000007a6080000,0x00000007c0000000)
 ParOldGen       total 4194304K, used 437690K [0x0000000640000000, 0x0000000740000000, 0x0000000740000000)
  object space 4194304K, 10% used [0x0000000640000000,0x000000065ab6eaf0,0x0000000740000000)
 Metaspace       used 123731K, capacity 124935K, committed 125516K, reserved 1155072K
  class space    used 19693K, capacity 20036K, committed 20044K, reserved 1048576K
}
Event: 38.428 GC heap before
{Heap before GC invocations=22 (full 4):
 PSYoungGen      total 1649664K, used 1649339K [0x0000000740000000, 0x00000007c0000000, 0x00000007c0000000)
  eden space 1327104K, 100% used [0x0000000740000000,0x0000000791000000,0x0000000791000000)
  from space 322560K, 99% used [0x0000000791000000,0x00000007a4aaed20,0x00000007a4b00000)
  to   space 425472K, 0% used [0x00000007a6080000,0x00000007a6080000,0x00000007c0000000)
 ParOldGen       total 4194304K, used 437690K [0x0000000640000000, 0x0000000740000000, 0x0000000740000000)
  object space 4194304K, 10% used [0x0000000640000000,0x000000065ab6eaf0,0x0000000740000000)
 Metaspace       used 132588K, capacity 133783K, committed 134604K, reserved 1163264K
  class space    used 20979K, capacity 21372K, committed 21452K, reserved 1048576K
Event: 38.510 GC heap after
Heap after GC invocations=22 (full 4):
 PSYoungGen      total 1582592K, used 355679K [0x0000000740000000, 0x00000007c0000000, 0x00000007c0000000)
  eden space 1157120K, 0% used [0x0000000740000000,0x0000000740000000,0x0000000786a00000)
  from space 425472K, 83% used [0x00000007a6080000,0x00000007bbbd7e78,0x00000007c0000000)
  to   space 470016K, 0% used [0x0000000786a00000,0x0000000786a00000,0x00000007a3500000)
 ParOldGen       total 4194304K, used 437698K [0x0000000640000000, 0x0000000740000000, 0x0000000740000000)
  object space 4194304K, 10% used [0x0000000640000000,0x000000065ab70af0,0x0000000740000000)
 Metaspace       used 132588K, capacity 133783K, committed 134604K, reserved 1163264K
  class space    used 20979K, capacity 21372K, committed 21452K, reserved 1048576K
}
Event: 40.346 GC heap before
{Heap before GC invocations=23 (full 4):
 PSYoungGen      total 1582592K, used 1512799K [0x0000000740000000, 0x00000007c0000000, 0x00000007c0000000)
  eden space 1157120K, 100% used [0x0000000740000000,0x0000000786a00000,0x0000000786a00000)
  from space 425472K, 83% used [0x00000007a6080000,0x00000007bbbd7e78,0x00000007c0000000)
  to   space 470016K, 0% used [0x0000000786a00000,0x0000000786a00000,0x00000007a3500000)
 ParOldGen       total 4194304K, used 437698K [0x0000000640000000, 0x0000000740000000, 0x0000000740000000)
  object space 4194304K, 10% used [0x0000000640000000,0x000000065ab70af0,0x0000000740000000)
 Metaspace       used 138882K, capacity 140083K, committed 141004K, reserved 1167360K
  class space    used 22029K, capacity 22376K, committed 22476K, reserved 1048576K
Event: 40.416 GC heap after
Heap after GC invocations=23 (full 4):
 PSYoungGen      total 1528832K, used 371524K [0x0000000740000000, 0x00000007c0000000, 0x00000007c0000000)
  eden space 1157120K, 0% used [0x0000000740000000,0x0000000740000000,0x0000000786a00000)
  from space 371712K, 99% used [0x0000000786a00000,0x000000079d4d13a8,0x000000079d500000)
  to   space 510464K, 0% used [0x00000007a0d80000,0x00000007a0d80000,0x00000007c0000000)
 ParOldGen       total 4194304K, used 437706K [0x0000000640000000, 0x0000000740000000, 0x0000000740000000)
  object space 4194304K, 10% used [0x0000000640000000,0x000000065ab72af0,0x0000000740000000)
 Metaspace       used 138882K, capacity 140083K, committed 141004K, reserved 1167360K
  class space    used 22029K, capacity 22376K, committed 22476K, reserved 1048576K
}

